<?xml version="1.0" encoding="UTF-8"?>
<!-- Generated by org.testng.reporters.JUnitReportReporter -->
<testsuite hostname="DESKTOP-3EQHDCQ" failures="0" tests="3" name="Com.Ecommerce.InstaSnap.ProductTest.VerifyKidsProduct" time="0.021" errors="0" timestamp="2024-11-07T16:27:20 IST" skipped="0">
  <testcase classname="Com.Ecommerce.InstaSnap.ProductTest.VerifyKidsProduct" name="createProduct" time="0.012">
    <system-out>
      <![CDATA[kids Product Created]]>
    </system-out>
  </testcase> <!-- createProduct -->
  <testcase classname="Com.Ecommerce.InstaSnap.ProductTest.VerifyKidsProduct" name="updateProduct" time="0.004">
    <system-out>
      <![CDATA[kids Product Updated]]>
    </system-out>
  </testcase> <!-- updateProduct -->
  <testcase classname="Com.Ecommerce.InstaSnap.ProductTest.VerifyKidsProduct" name="updateProduct" time="0.005">
    <system-out>
      <![CDATA[kids Product Updated]]>
    </system-out>
  </testcase> <!-- updateProduct -->
  <system-out>
    <![CDATA[Browser launched succesfully
Login succesfully
kids Product Created
LOgout succesfully
Login succesfully
kids Product Updated
LOgout succesfully
Login succesfully
kids Product Updated
LOgout succesfully
Browser closed succesfully
Browser launched succesfully
Login succesfully
Electronic Product Created
LOgout succesfully
Login succesfully
Electronic Product Updated
LOgout succesfully
Login succesfully
Electronic Product Updated
LOgout succesfully
Browser closed succesfully]]>
  </system-out>
</testsuite> <!-- Com.Ecommerce.InstaSnap.ProductTest.VerifyKidsProduct -->
