<?xml version="1.0" encoding="UTF-8"?>
<!-- Generated by org.testng.reporters.JUnitReportReporter -->
<testsuite hostname="DESKTOP-3EQHDCQ" failures="0" tests="1" name="Demo.DemoTest" time="11.325" errors="0" timestamp="2024-11-06T16:23:18 IST" skipped="0">
  <testcase classname="Demo.DemoTest" name="Verify" time="11.325">
    <system-out>
      <![CDATA[hi]]>
    </system-out>
  </testcase> <!-- Verify -->
  <system-out>
    <![CDATA[hi]]>
  </system-out>
</testsuite> <!-- Demo.DemoTest -->
