<?xml version="1.0" encoding="UTF-8"?>
<!-- Generated by org.testng.reporters.JUnitReportReporter -->
<testsuite hostname="DESKTOP-3EQHDCQ" failures="0" tests="3" name="Com.Ecommerce.InstaSnap.ProductTest.VerifyElectronicProduct" time="0.007" errors="0" timestamp="2024-11-07T16:27:20 IST" skipped="0">
  <testcase classname="Com.Ecommerce.InstaSnap.ProductTest.VerifyElectronicProduct" name="createProduct" time="0.003">
    <system-out>
      <![CDATA[Electronic Product Created]]>
    </system-out>
  </testcase> <!-- createProduct -->
  <testcase classname="Com.Ecommerce.InstaSnap.ProductTest.VerifyElectronicProduct" name="updateProduct" time="0.001">
    <system-out>
      <![CDATA[Electronic Product Updated]]>
    </system-out>
  </testcase> <!-- updateProduct -->
  <testcase classname="Com.Ecommerce.InstaSnap.ProductTest.VerifyElectronicProduct" name="updateProduct" time="0.003">
    <system-out>
      <![CDATA[Electronic Product Updated]]>
    </system-out>
  </testcase> <!-- updateProduct -->
  <system-out>
    <![CDATA[Browser launched succesfully
Login succesfully
kids Product Created
LOgout succesfully
Login succesfully
kids Product Updated
LOgout succesfully
Login succesfully
kids Product Updated
LOgout succesfully
Browser closed succesfully
Browser launched succesfully
Login succesfully
Electronic Product Created
LOgout succesfully
Login succesfully
Electronic Product Updated
LOgout succesfully
Login succesfully
Electronic Product Updated
LOgout succesfully
Browser closed succesfully]]>
  </system-out>
</testsuite> <!-- Com.Ecommerce.InstaSnap.ProductTest.VerifyElectronicProduct -->
